{"/home/srijan/WebstormProjects/V-Vortex-Hackathon/src/context/AuthContext.jsx": {"path":"/home/srijan/WebstormProjects/V-Vortex-Hackathon/src/context/AuthContext.jsx","statementMap":{"0":{"start":{"line":4,"column":6},"end":{"line":4,"column":null}},"1":{"start":{"line":6,"column":28},"end":{"line":62,"column":null}},"2":{"start":{"line":7,"column":22},"end":{"line":7,"column":null}},"3":{"start":{"line":8,"column":28},"end":{"line":8,"column":null}},"4":{"start":{"line":9,"column":28},"end":{"line":9,"column":null}},"5":{"start":{"line":11,"column":2},"end":{"line":34,"column":null}},"6":{"start":{"line":13,"column":23},"end":{"line":21,"column":null}},"7":{"start":{"line":14,"column":43},"end":{"line":14,"column":null}},"8":{"start":{"line":15,"column":6},"end":{"line":17,"column":null}},"9":{"start":{"line":16,"column":8},"end":{"line":16,"column":null}},"10":{"start":{"line":18,"column":6},"end":{"line":18,"column":null}},"11":{"start":{"line":19,"column":6},"end":{"line":19,"column":null}},"12":{"start":{"line":20,"column":6},"end":{"line":20,"column":null}},"13":{"start":{"line":23,"column":4},"end":{"line":23,"column":null}},"14":{"start":{"line":26,"column":39},"end":{"line":31,"column":null}},"15":{"start":{"line":27,"column":6},"end":{"line":27,"column":null}},"16":{"start":{"line":28,"column":6},"end":{"line":28,"column":null}},"17":{"start":{"line":29,"column":6},"end":{"line":29,"column":null}},"18":{"start":{"line":30,"column":6},"end":{"line":30,"column":null}},"19":{"start":{"line":33,"column":4},"end":{"line":33,"column":null}},"20":{"start":{"line":33,"column":17},"end":{"line":33,"column":null}},"21":{"start":{"line":36,"column":16},"end":{"line":50,"column":null}},"22":{"start":{"line":37,"column":4},"end":{"line":49,"column":null}},"23":{"start":{"line":38,"column":24},"end":{"line":43,"column":null}},"24":{"start":{"line":44,"column":6},"end":{"line":44,"column":null}},"25":{"start":{"line":44,"column":17},"end":{"line":44,"column":null}},"26":{"start":{"line":45,"column":6},"end":{"line":45,"column":null}},"27":{"start":{"line":47,"column":6},"end":{"line":47,"column":null}},"28":{"start":{"line":48,"column":6},"end":{"line":48,"column":null}},"29":{"start":{"line":52,"column":17},"end":{"line":55,"column":null}},"30":{"start":{"line":53,"column":22},"end":{"line":53,"column":null}},"31":{"start":{"line":54,"column":4},"end":{"line":54,"column":null}},"32":{"start":{"line":54,"column":15},"end":{"line":54,"column":null}},"33":{"start":{"line":57,"column":2},"end":{"line":60,"column":null}},"34":{"start":{"line":64,"column":23},"end":{"line":64,"column":null}},"35":{"start":{"line":64,"column":23},"end":{"line":64,"column":52}}},"fnMap":{"0":{"name":"(anonymous_0)","decl":{"start":{"line":6,"column":28},"end":{"line":6,"column":29}},"loc":{"start":{"line":6,"column":46},"end":{"line":62,"column":null}},"line":6},"1":{"name":"(anonymous_1)","decl":{"start":{"line":11,"column":12},"end":{"line":11,"column":18}},"loc":{"start":{"line":11,"column":18},"end":{"line":34,"column":5}},"line":11},"2":{"name":"(anonymous_2)","decl":{"start":{"line":13,"column":23},"end":{"line":13,"column":35}},"loc":{"start":{"line":13,"column":35},"end":{"line":21,"column":null}},"line":13},"3":{"name":"(anonymous_3)","decl":{"start":{"line":26,"column":71},"end":{"line":26,"column":72}},"loc":{"start":{"line":26,"column":91},"end":{"line":31,"column":5}},"line":26},"4":{"name":"(anonymous_4)","decl":{"start":{"line":33,"column":11},"end":{"line":33,"column":17}},"loc":{"start":{"line":33,"column":17},"end":{"line":33,"column":null}},"line":33},"5":{"name":"(anonymous_5)","decl":{"start":{"line":36,"column":16},"end":{"line":36,"column":23}},"loc":{"start":{"line":36,"column":33},"end":{"line":50,"column":null}},"line":36},"6":{"name":"(anonymous_6)","decl":{"start":{"line":52,"column":17},"end":{"line":52,"column":29}},"loc":{"start":{"line":52,"column":29},"end":{"line":55,"column":null}},"line":52},"7":{"name":"(anonymous_7)","decl":{"start":{"line":64,"column":23},"end":{"line":64,"column":29}},"loc":{"start":{"line":64,"column":23},"end":{"line":64,"column":null}},"line":64}},"branchMap":{"0":{"loc":{"start":{"line":15,"column":6},"end":{"line":17,"column":null}},"type":"if","locations":[{"start":{"line":15,"column":6},"end":{"line":17,"column":null}},{"start":{},"end":{}}],"line":15},"1":{"loc":{"start":{"line":19,"column":14},"end":{"line":19,"column":35}},"type":"binary-expr","locations":[{"start":{"line":19,"column":14},"end":{"line":19,"column":31}},{"start":{"line":19,"column":31},"end":{"line":19,"column":35}}],"line":19},"2":{"loc":{"start":{"line":29,"column":14},"end":{"line":29,"column":35}},"type":"binary-expr","locations":[{"start":{"line":29,"column":14},"end":{"line":29,"column":31}},{"start":{"line":29,"column":31},"end":{"line":29,"column":35}}],"line":29},"3":{"loc":{"start":{"line":44,"column":6},"end":{"line":44,"column":null}},"type":"if","locations":[{"start":{"line":44,"column":6},"end":{"line":44,"column":null}},{"start":{},"end":{}}],"line":44},"4":{"loc":{"start":{"line":54,"column":4},"end":{"line":54,"column":null}},"type":"if","locations":[{"start":{"line":54,"column":4},"end":{"line":54,"column":null}},{"start":{},"end":{}}],"line":54}},"s":{"0":1,"1":1,"2":11,"3":11,"4":11,"5":11,"6":7,"7":7,"8":6,"9":0,"10":6,"11":6,"12":7,"13":7,"14":7,"15":1,"16":1,"17":1,"18":1,"19":7,"20":7,"21":11,"22":2,"23":2,"24":2,"25":1,"26":1,"27":1,"28":1,"29":11,"30":1,"31":1,"32":0,"33":11,"34":1,"35":11},"f":{"0":11,"1":7,"2":7,"3":1,"4":7,"5":2,"6":1,"7":11},"b":{"0":[0,6],"1":[6,5],"2":[1,0],"3":[1,1],"4":[0,1]},"meta":{"lastBranch":5,"lastFunction":8,"lastStatement":36,"seen":{"s:4:6:4:Infinity":0,"s:6:28:62:Infinity":1,"f:6:28:6:29":0,"s:7:22:7:Infinity":2,"s:8:28:8:Infinity":3,"s:9:28:9:Infinity":4,"s:11:2:34:Infinity":5,"f:11:12:11:18":1,"s:13:23:21:Infinity":6,"f:13:23:13:35":2,"s:14:43:14:Infinity":7,"b:15:6:17:Infinity:undefined:undefined:undefined:undefined":0,"s:15:6:17:Infinity":8,"s:16:8:16:Infinity":9,"s:18:6:18:Infinity":10,"s:19:6:19:Infinity":11,"b:19:14:19:31:19:31:19:35":1,"s:20:6:20:Infinity":12,"s:23:4:23:Infinity":13,"s:26:39:31:Infinity":14,"f:26:71:26:72":3,"s:27:6:27:Infinity":15,"s:28:6:28:Infinity":16,"s:29:6:29:Infinity":17,"b:29:14:29:31:29:31:29:35":2,"s:30:6:30:Infinity":18,"s:33:4:33:Infinity":19,"f:33:11:33:17":4,"s:33:17:33:Infinity":20,"s:36:16:50:Infinity":21,"f:36:16:36:23":5,"s:37:4:49:Infinity":22,"s:38:24:43:Infinity":23,"b:44:6:44:Infinity:undefined:undefined:undefined:undefined":3,"s:44:6:44:Infinity":24,"s:44:17:44:Infinity":25,"s:45:6:45:Infinity":26,"s:47:6:47:Infinity":27,"s:48:6:48:Infinity":28,"s:52:17:55:Infinity":29,"f:52:17:52:29":6,"s:53:22:53:Infinity":30,"b:54:4:54:Infinity:undefined:undefined:undefined:undefined":4,"s:54:4:54:Infinity":31,"s:54:15:54:Infinity":32,"s:57:2:60:Infinity":33,"s:64:23:64:Infinity":34,"f:64:23:64:29":7,"s:64:23:64:52":35}}}
}
